This is pdfTeX, Version 3.1415926-2.5-1.40.14 (TeX Live 2013/Debian) (format=latex 2015.5.19)  11 DEC 2015 11:59
entering extended mode
 restricted \write18 enabled.
 %&-line parsing enabled.
**ndvcs.tex
(./ndvcs.tex
LaTeX2e <2011/06/27>
Babel <3.9h> and hyphenation patterns for 13 languages loaded.
(/usr/share/texlive/texmf-dist/tex/latex/base/article.cls
Document Class: article 2007/10/19 v1.4h Standard LaTeX document class
(/usr/share/texlive/texmf-dist/tex/latex/base/size12.clo
File: size12.clo 2007/10/19 v1.4h Standard LaTeX file (size option)
)
\c@part=\count79
\c@section=\count80
\c@subsection=\count81
\c@subsubsection=\count82
\c@paragraph=\count83
\c@subparagraph=\count84
\c@figure=\count85
\c@table=\count86
\abovecaptionskip=\skip41
\belowcaptionskip=\skip42
\bibindent=\dimen102
)
(/usr/share/texlive/texmf-dist/tex/latex/graphics/graphics.sty
Package: graphics 2009/02/05 v1.0o Standard LaTeX Graphics (DPC,SPQR)

(/usr/share/texlive/texmf-dist/tex/latex/graphics/trig.sty
Package: trig 1999/03/16 v1.09 sin cos tan (DPC)
)
(/usr/share/texlive/texmf-dist/tex/latex/latexconfig/graphics.cfg
File: graphics.cfg 2010/04/23 v1.9 graphics configuration of TeX Live
)
Package graphics Info: Driver file: dvips.def on input line 91.

(/usr/share/texlive/texmf-dist/tex/latex/graphics/dvips.def
File: dvips.def 1999/02/16 v3.0i Driver-dependant file (DPC,SPQR)
))
(/usr/share/texlive/texmf-dist/tex/generic/epsf/epsf.sty
This is `epsf.tex' v2.7.4 <14 February 2011>
\epsffilein=\read1
\epsfframemargin=\dimen103
\epsfframethickness=\dimen104
\epsfrsize=\dimen105
\epsftmp=\dimen106
\epsftsize=\dimen107
\epsfxsize=\dimen108
\epsfysize=\dimen109
\pspoints=\dimen110
) (/usr/share/texlive/texmf-dist/tex/latex/psnfss/times.sty
Package: times 2005/04/12 PSNFSS-v9.2a (SPQR) 
)
(/usr/share/texlive/texmf-dist/tex/latex/base/fontenc.sty
Package: fontenc 2005/09/27 v1.99g Standard LaTeX package

(/usr/share/texlive/texmf-dist/tex/latex/base/t1enc.def
File: t1enc.def 2005/09/27 v1.99g Standard LaTeX file
LaTeX Font Info:    Redeclaring font encoding T1 on input line 43.
))
(/usr/share/texlive/texmf-dist/tex/latex/base/inputenc.sty
Package: inputenc 2008/03/30 v1.1d Input encoding file
\inpenc@prehook=\toks14
\inpenc@posthook=\toks15

(/usr/share/texlive/texmf-dist/tex/latex/base/latin1.def
File: latin1.def 2008/03/30 v1.1d Input encoding file
))
(/usr/share/texlive/texmf-dist/tex/latex/geometry/geometry.sty
Package: geometry 2010/09/12 v5.6 Page Geometry

(/usr/share/texlive/texmf-dist/tex/latex/graphics/keyval.sty
Package: keyval 1999/03/16 v1.13 key=value parser (DPC)
\KV@toks@=\toks16
)
(/usr/share/texlive/texmf-dist/tex/generic/oberdiek/ifpdf.sty
Package: ifpdf 2011/01/30 v2.3 Provides the ifpdf switch (HO)
Package ifpdf Info: pdfTeX in PDF mode is not detected.
)
(/usr/share/texlive/texmf-dist/tex/generic/oberdiek/ifvtex.sty
Package: ifvtex 2010/03/01 v1.5 Detect VTeX and its facilities (HO)
Package ifvtex Info: VTeX not detected.
)
(/usr/share/texlive/texmf-dist/tex/generic/ifxetex/ifxetex.sty
Package: ifxetex 2010/09/12 v0.6 Provides ifxetex conditional
)
\Gm@cnth=\count87
\Gm@cntv=\count88
\c@Gm@tempcnt=\count89
\Gm@bindingoffset=\dimen111
\Gm@wd@mp=\dimen112
\Gm@odd@mp=\dimen113
\Gm@even@mp=\dimen114
\Gm@layoutwidth=\dimen115
\Gm@layoutheight=\dimen116
\Gm@layouthoffset=\dimen117
\Gm@layoutvoffset=\dimen118
\Gm@dimlist=\toks17
)
(/usr/share/texlive/texmf-dist/tex/latex/setspace/setspace.sty
Package: setspace 2011/12/19 v6.7a set line spacing
)
(/usr/share/texlive/texmf-dist/tex/latex/rotating/rotating.sty
Package: rotating 2009/03/28 v2.16a rotated objects in LaTeX

(/usr/share/texlive/texmf-dist/tex/latex/graphics/graphicx.sty
Package: graphicx 1999/02/16 v1.0f Enhanced LaTeX Graphics (DPC,SPQR)
\Gin@req@height=\dimen119
\Gin@req@width=\dimen120
)
(/usr/share/texlive/texmf-dist/tex/latex/base/ifthen.sty
Package: ifthen 2001/05/26 v1.1c Standard LaTeX ifthen package (DPC)
)
\c@r@tfl@t=\count90
\rotFPtop=\skip43
\rotFPbot=\skip44
\rot@float@box=\box26
\rot@mess@toks=\toks18
) (./ndvcs.aux)
\openout1 = `ndvcs.aux'.

LaTeX Font Info:    Checking defaults for OML/cmm/m/it on input line 24.
LaTeX Font Info:    ... okay on input line 24.
LaTeX Font Info:    Checking defaults for T1/cmr/m/n on input line 24.
LaTeX Font Info:    ... okay on input line 24.
LaTeX Font Info:    Checking defaults for OT1/cmr/m/n on input line 24.
LaTeX Font Info:    ... okay on input line 24.
LaTeX Font Info:    Checking defaults for OMS/cmsy/m/n on input line 24.
LaTeX Font Info:    ... okay on input line 24.
LaTeX Font Info:    Checking defaults for OMX/cmex/m/n on input line 24.
LaTeX Font Info:    ... okay on input line 24.
LaTeX Font Info:    Checking defaults for U/cmr/m/n on input line 24.
LaTeX Font Info:    ... okay on input line 24.
LaTeX Font Info:    Try loading font information for T1+ptm on input line 24.

(/usr/share/texlive/texmf-dist/tex/latex/psnfss/t1ptm.fd
File: t1ptm.fd 2001/06/04 font definitions for T1/ptm.
)
*geometry* driver: auto-detecting
*geometry* detected driver: dvips
*geometry* verbose mode - [ preamble ] result:
* driver: dvips
* paper: <default>
* layout: <same size as paper>
* layoutoffset:(h,v)=(0.0pt,0.0pt)
* modes: 
* h-part:(L,W,R)=(92.14519pt, 430.00462pt, 92.14519pt)
* v-part:(T,H,B)=(95.39737pt, 556.47656pt, 143.09605pt)
* \paperwidth=614.295pt
* \paperheight=794.96999pt
* \textwidth=433.62pt
* \textheight=614.295pt
* \oddsidemargin=19.8752pt
* \evensidemargin=19.8752pt
* \topmargin=-13.87262pt
* \headheight=12.0pt
* \headsep=25.0pt
* \topskip=12.0pt
* \footskip=30.0pt
* \marginparwidth=44.0pt
* \marginparsep=10.0pt
* \columnsep=10.0pt
* \skip\footins=10.8pt plus 4.0pt minus 2.0pt
* \hoffset=0.0pt
* \voffset=0.0pt
* \mag=1000
* \@twocolumnfalse
* \@twosidefalse
* \@mparswitchfalse
* \@reversemarginfalse
* (1in=72.27pt=25.4mm, 1cm=28.453pt)

LaTeX Font Info:    Font shape `T1/ptm/bx/n' in size <17.28> not available
(Font)              Font shape `T1/ptm/b/n' tried instead on input line 34.
LaTeX Font Info:    External font `cmex10' loaded for size
(Font)              <12> on input line 39.
LaTeX Font Info:    External font `cmex10' loaded for size
(Font)              <8> on input line 39.
LaTeX Font Info:    External font `cmex10' loaded for size
(Font)              <6> on input line 39.
LaTeX Font Info:    External font `cmex10' loaded for size
(Font)              <7> on input line 39.
LaTeX Font Info:    External font `cmex10' loaded for size
(Font)              <5> on input line 39.
[1

]
LaTeX Font Info:    Font shape `T1/ptm/bx/n' in size <14.4> not available
(Font)              Font shape `T1/ptm/b/n' tried instead on input line 96.
 [2]
LaTeX Font Info:    Font shape `T1/ptm/bx/n' in size <10.95> not available
(Font)              Font shape `T1/ptm/b/n' tried instead on input line 98.
LaTeX Font Info:    External font `cmex10' loaded for size
(Font)              <10.95> on input line 99.
 [1] (./ndvcs.toc)
\tf@toc=\write3
\openout3 = `ndvcs.toc'.

 [2] (./ndvcs.lot
Overfull \hbox (8.27777pt too wide) in paragraph at lines 1--1
 \T1/ptm/m/n/10.95 times neu-tron de-tec-tion ef-fi-ciency and num-ber of event
s for n-DVCS/BH 
 []

)
\tf@lot=\write4
\openout4 = `ndvcs.lot'.

 (./ndvcs.lof
Overfull \hbox (8.8203pt too wide) in paragraph at lines 5--5
 \T1/ptm/m/n/10.95 ity sig-nal (de-fined as $\OML/cmm/m/it/10.95 S[] \OT1/cmr/m
/n/10.95 = [][] [] \OMS/cmsy/m/n/10.95 ^^@ [][] []$\T1/ptm/m/n/10.95 ), 
 []


Overfull \hbox (27.41841pt too wide) in paragraph at lines 5--5
 \T1/ptm/m/n/10.95 data lu-mi-nos-ity; the sim-u-la-tion curve is for the Fermi
-broadened $\OML/cmm/m/it/10.95 H\OT1/cmr/m/n/10.95 (\OML/cmm/m/it/10.95 e; e[]
; ^^M\OT1/cmr/m/n/10.95 )\OML/cmm/m/it/10.95 p$ 
 []

[3]
Overfull \hbox (4.59822pt too wide) in paragraph at lines 11--11
 [][] []\T1/ptm/m/n/10.95 Neutron mo-men-tum (top) and po-lar an-gle (bot-tom),
 for n-DVCS events. 
 []

[4] [5]
Overfull \hbox (3.5241pt too wide) in paragraph at lines 37--37
 [][] []\T1/ptm/m/n/10.95 Beam-spin asym-me-try for n-DVCS/BH as pre-dicted by 
the VGG model 
 []

[6])
\tf@lof=\write5
\openout5 = `ndvcs.lof'.

 [7]
(plots/dvcs2.eps
)
[8] [9] [10]
(plots/asym12_n.ps
)

LaTeX Warning: Float too large for page by 18.46501pt on input line 296.

(plots/asym12_p.ps
)
(plots/pn_comp.ps
)
[11] [12] [13] [14]
(plots/fig2_halla.eps
)
(plots/fig3_halla.eps
)
[15]
(New_silvia/Q2_Vs_xbj_2.eps
)
(plots/t_Vs_xbj.eps
)
(plots/t_Vs_Q2.eps
)
(plots/pe_thetae.eps
)
(plots/e_vs_th_gamma.eps
)
(New_silvia/pn_thetan.eps
)
(New_silvia/Pn.eps
)
(New_silvia/Thetan.eps
)
[16] [17] [18] [19] [20]
LaTeX Font Info:    Try loading font information for OMS+ptm on input line 450.


(/usr/share/texlive/texmf-dist/tex/latex/psnfss/omsptm.fd
File: omsptm.fd 
)
LaTeX Font Info:    Font shape `OMS/ptm/m/n' in size <10.95> not available
(Font)              Font shape `OMS/cmsy/m/n' tried instead on input line 450.

(New_silvia/Last_plots/MM_deltaP.eps
)
(New_silvia/Last_plots/MM_deltaTheta.eps
)
(New_silvia/Last_plots/MM_deltaPhi.eps
)

LaTeX Warning: Float too large for page by 48.48605pt on input line 467.


Overfull \hbox (18.54764pt too wide) in paragraph at lines 469--470
[]\T1/ptm/m/n/10.95 Introducing the re-al-is-tic res-o-lu-tions on the elec-tro
n and pho-ton cal-cu-lated by FASTMC,
 []

(plots/MM2_smear_dependence_with_e_photon_FT.eps
)
(New_silvia/Last_plots/MM_Smearing_avec_e_photon_rebiner.eps
)
(plots/MM2_smear_dependence_FT.eps
)
(New_silvia/Last_plots/MM_variation_smearing_rebiner.eps
)
[21] [22] [23] [24]
(plots/newcnd.eps
)
(plots/Geometriescintillateurs.eps
)
[25] [26]
(plots/Champmagnetique.eps
)
(plots/cnd_nice.eps
)
(plots/Angleouverture.eps
)
(568_0555.eps
)
(plots/prototypebloc6.eps
)
[27] [28] [29] [30]
(plots/charge.eps
)
(plots/time_res.eps
)
[31] [32]
(plots/eff_vs_thresh_diff_theta_II.eps
)
(plots/eff_vs_mom_diff_thresh_II.eps
)
(plots/eff_vs_mom_diff_theta_II.eps
)
[33] [34]

LaTeX Warning: Command \^ invalid in math mode on input line 693.


LaTeX Warning: Command \textdegree invalid in math mode on input line 693.


LaTeX Warning: Command \^ invalid in math mode on input line 693.


LaTeX Warning: Command \textdegree invalid in math mode on input line 693.

Missing character: There is no Â in font cmr10!
Missing character: There is no Â in font cmr10!
[35]
(plots/sigma_theta_vs_theta_diff_layer.eps
)
(plots/mom_res_vs_mom_diff_layers.eps
)
(plots/efficiency_photons_60deg_new.eps
)
[36] [37]
(plots/beta_comp_layer_1_II.eps
)
(plots/beta_comp_layer_2_II.eps
)
(plots/beta_comp_layer_3_II.eps
)

LaTeX Warning: Float too large for page by 39.90514pt on input line 762.

(plots/beta_res_n_g_comp_L1.eps
)
(plots/beta_res_n_g_comp_L2.eps
)
(plots/beta_res_n_g_comp_L3.eps
)
[38] [39] [40]
(plots/ethgamma.eps
)
[41]
(plots/bgevent.eps
)
(plots/edep_background.eps
)
(plots/xy_background.eps
)
LaTeX Font Info:    External font `cmex10' loaded for size
(Font)              <17.28> on input line 838.
[42] [43]
(plots/MM2_comparaison_dvcs_pi0_resolution_FT_GOOD.eps
)
(plots/MM2_comparaison_dvcs_pi0_resolution_IC_GOOD.eps
)
[44] [45] [46]
(plots/results_cr_newcuts_newbin.eps
)

Overfull \hbox (78.5296pt too wide) in paragraph at lines 926--927
 [] 
 []

(plots/asym_ndvcs_newcuts.eps
)
[47] [48] [49] [50] [51] [52] [53] [54] [55]
(plots/Image6.eps
)
(plots/Image5.eps
)
(plots/Image4.eps
)
(plots/Image7.eps
)
[56] [57]
(plots/plot_counts_1_newcuts.eps
)
(plots/plot_counts_2_newcuts.eps
)
(plots/plot_counts_3_newcuts.eps
)
(plots/plot_counts_4_newcuts.eps
)
(plots/asym_1_newcuts.eps
)
(plots/asym_2_newcuts.eps
)
(plots/asym_3_newcuts.eps
)
(plots/asym_4_newcuts.eps
)
[58] [59] [60] [61] [62] [63] [64] (./ndvcs.aux) )
(\end occurred inside a group at level 1)

### simple group (level 1) entered at line 96 ({)
### bottom level 
Here is how much of TeX's memory you used:
 1760 strings out of 494452
 22479 string characters out of 6171681
 87655 words of memory out of 5000000
 4924 multiletter control sequences out of 15000+600000
 27278 words of font info for 41 fonts, out of 8000000 for 9000
 452 hyphenation exceptions out of 8191
 26i,10n,19p,1921b,369s stack positions out of 5000i,500n,10000p,200000b,80000s

Output written on ndvcs.dvi (66 pages, 157712 bytes).
